<?xml version="1.0" encoding="UTF-8"?>
<testng-results ignored="0" total="1" passed="1" failed="0" skipped="0">
  <reporter-output>
    <line>
      <![CDATA[demo class method]]>
    </line>
  </reporter-output>
  <suite started-at="2022-06-06T18:39:08 IST" name="Suite" finished-at="2022-06-06T18:39:08 IST" duration-ms="72">
    <groups>
    </groups>
    <test started-at="2022-06-06T18:39:08 IST" name="Test" finished-at="2022-06-06T18:39:08 IST" duration-ms="72">
      <class name="testngpack.Demo">
        <test-method signature="a()[pri:0, instance:testngpack.Demo@be35cd9]" started-at="2022-06-06T18:39:08 IST" name="a" finished-at="2022-06-06T18:39:08 IST" duration-ms="11" status="PASS">
          <reporter-output>
            <line>
              <![CDATA[demo class method]]>
            </line>
          </reporter-output>
        </test-method> <!-- a -->
      </class> <!-- testngpack.Demo -->
    </test> <!-- Test -->
  </suite> <!-- Suite -->
</testng-results>
